<?xml version="1.0" encoding="UTF-8"?>
<testsuite name="com.kbstar.springboot.study.domain.posts.PostsRepositoryTest" tests="2" skipped="0" failures="0" errors="0" timestamp="2022-05-02T07:34:30" hostname="Yejis-MacBook-Pro.local" time="0.087">
  <properties/>
  <testcase name="baseTimeEntityTest()" classname="com.kbstar.springboot.study.domain.posts.PostsRepositoryTest" time="0.055"/>
  <testcase name="saveAndLost()" classname="com.kbstar.springboot.study.domain.posts.PostsRepositoryTest" time="0.031"/>
  <system-out><![CDATA[2022-05-02 16:34:27.288  INFO 2449 --- [    Test worker] .b.t.c.SpringBootTestContextBootstrapper : Neither @ContextConfiguration nor @ContextHierarchy found for test class [com.kbstar.springboot.study.domain.posts.PostsRepositoryTest], using SpringBootContextLoader
2022-05-02 16:34:27.290  INFO 2449 --- [    Test worker] o.s.t.c.support.AbstractContextLoader    : Could not detect default resource locations for test class [com.kbstar.springboot.study.domain.posts.PostsRepositoryTest]: no resource found for suffixes {-context.xml, Context.groovy}.
2022-05-02 16:34:27.290  INFO 2449 --- [    Test worker] t.c.s.AnnotationConfigContextLoaderUtils : Could not detect default configuration classes for test class [com.kbstar.springboot.study.domain.posts.PostsRepositoryTest]: PostsRepositoryTest does not declare any static, non-private, non-final, nested classes annotated with @Configuration.
2022-05-02 16:34:27.298  INFO 2449 --- [    Test worker] .b.t.c.SpringBootTestContextBootstrapper : Found @SpringBootConfiguration com.kbstar.springboot.study.Application for test class com.kbstar.springboot.study.domain.posts.PostsRepositoryTest
2022-05-02 16:34:27.301  INFO 2449 --- [    Test worker] .b.t.c.SpringBootTestContextBootstrapper : Loaded default TestExecutionListener class names from location [META-INF/spring.factories]: [org.springframework.security.test.context.support.WithSecurityContextTestExecutionListener, org.springframework.security.test.context.support.ReactorContextTestExecutionListener, org.springframework.boot.test.autoconfigure.restdocs.RestDocsTestExecutionListener, org.springframework.boot.test.autoconfigure.web.client.MockRestServiceServerResetTestExecutionListener, org.springframework.boot.test.autoconfigure.web.servlet.MockMvcPrintOnlyOnFailureTestExecutionListener, org.springframework.boot.test.autoconfigure.web.servlet.WebDriverTestExecutionListener, org.springframework.boot.test.autoconfigure.webservices.client.MockWebServiceServerTestExecutionListener, org.springframework.boot.test.mock.mockito.MockitoTestExecutionListener, org.springframework.boot.test.mock.mockito.ResetMocksTestExecutionListener, org.springframework.test.context.web.ServletTestExecutionListener, org.springframework.test.context.support.DirtiesContextBeforeModesTestExecutionListener, org.springframework.test.context.support.DependencyInjectionTestExecutionListener, org.springframework.test.context.support.DirtiesContextTestExecutionListener, org.springframework.test.context.transaction.TransactionalTestExecutionListener, org.springframework.test.context.jdbc.SqlScriptsTestExecutionListener, org.springframework.test.context.event.EventPublishingTestExecutionListener]
2022-05-02 16:34:27.302  INFO 2449 --- [    Test worker] .b.t.c.SpringBootTestContextBootstrapper : Using TestExecutionListeners: [org.springframework.test.context.web.ServletTestExecutionListener@447a557b, org.springframework.test.context.support.DirtiesContextBeforeModesTestExecutionListener@7cab8d52, org.springframework.boot.test.mock.mockito.MockitoTestExecutionListener@141eb85b, org.springframework.boot.test.autoconfigure.SpringBootDependencyInjectionTestExecutionListener@7d432bc0, org.springframework.test.context.support.DirtiesContextTestExecutionListener@6b04689e, org.springframework.test.context.transaction.TransactionalTestExecutionListener@4be5b9b1, org.springframework.test.context.jdbc.SqlScriptsTestExecutionListener@2ad80cf6, org.springframework.security.test.context.support.WithSecurityContextTestExecutionListener@4e212f46, org.springframework.test.context.event.EventPublishingTestExecutionListener@629fe84, org.springframework.security.test.context.support.ReactorContextTestExecutionListener@6067e7c1, org.springframework.boot.test.autoconfigure.restdocs.RestDocsTestExecutionListener@ab2e887, org.springframework.boot.test.autoconfigure.web.client.MockRestServiceServerResetTestExecutionListener@4daead88, org.springframework.boot.test.autoconfigure.web.servlet.MockMvcPrintOnlyOnFailureTestExecutionListener@43aa767, org.springframework.boot.test.autoconfigure.web.servlet.WebDriverTestExecutionListener@5b3c11ce, org.springframework.boot.test.autoconfigure.webservices.client.MockWebServiceServerTestExecutionListener@46573cfe, org.springframework.boot.test.mock.mockito.ResetMocksTestExecutionListener@7ead0b51]

  .   ____          _            __ _ _
 /\\ / ___'_ __ _ _(_)_ __  __ _ \ \ \ \
( ( )\___ | '_ | '_| | '_ \/ _` | \ \ \ \
 \\/  ___)| |_)| | | | | || (_| |  ) ) ) )
  '  |____| .__|_| |_|_| |_\__, | / / / /
 =========|_|==============|___/=/_/_/_/
 :: Spring Boot ::                (v2.4.1)

2022-05-02 16:34:27.352  INFO 2449 --- [    Test worker] c.k.s.s.d.posts.PostsRepositoryTest      : Starting PostsRepositoryTest using Java 1.8.0_322 on Yejis-MacBook-Pro.local with PID 2449 (started by yeji in /Users/yeji/IdeaProjects/study)
2022-05-02 16:34:27.353  INFO 2449 --- [    Test worker] c.k.s.s.d.posts.PostsRepositoryTest      : The following profiles are active: oauth
2022-05-02 16:34:27.710  INFO 2449 --- [    Test worker] .s.d.r.c.RepositoryConfigurationDelegate : Bootstrapping Spring Data JPA repositories in DEFAULT mode.
2022-05-02 16:34:27.741  INFO 2449 --- [    Test worker] .s.d.r.c.RepositoryConfigurationDelegate : Finished Spring Data repository scanning in 30 ms. Found 2 JPA repository interfaces.
2022-05-02 16:34:28.083  INFO 2449 --- [    Test worker] com.zaxxer.hikari.HikariDataSource       : HikariPool-2 - Starting...
2022-05-02 16:34:28.090  INFO 2449 --- [    Test worker] com.zaxxer.hikari.HikariDataSource       : HikariPool-2 - Start completed.
2022-05-02 16:34:28.128  INFO 2449 --- [    Test worker] o.hibernate.jpa.internal.util.LogHelper  : HHH000204: Processing PersistenceUnitInfo [name: default]
2022-05-02 16:34:28.198  INFO 2449 --- [    Test worker] org.hibernate.dialect.Dialect            : HHH000400: Using dialect: org.hibernate.dialect.MySQL57Dialect
Hibernate: drop table if exists posts
Hibernate: drop table if exists user
Hibernate: create table posts (id bigint not null auto_increment, create_date varchar(255), modified_date varchar(255), author varchar(100) not null, content TEXT not null, rec integer default 0 not null, title varchar(500) not null, view integer default 0 not null, primary key (id)) engine=InnoDB
Hibernate: create table user (id bigint not null auto_increment, create_date varchar(255), modified_date varchar(255), email varchar(255) not null, name varchar(255) not null, picture varchar(255) not null, role varchar(255) not null, primary key (id)) engine=InnoDB
2022-05-02 16:34:28.399  INFO 2449 --- [    Test worker] o.h.e.t.j.p.i.JtaPlatformInitiator       : HHH000490: Using JtaPlatform implementation: [org.hibernate.engine.transaction.jta.platform.internal.NoJtaPlatform]
2022-05-02 16:34:28.400  INFO 2449 --- [    Test worker] j.LocalContainerEntityManagerFactoryBean : Initialized JPA EntityManagerFactory for persistence unit 'default'
2022-05-02 16:34:28.847  WARN 2449 --- [    Test worker] JpaBaseConfiguration$JpaWebConfiguration : spring.jpa.open-in-view is enabled by default. Therefore, database queries may be performed during view rendering. Explicitly configure spring.jpa.open-in-view to disable this warning
2022-05-02 16:34:29.464  INFO 2449 --- [    Test worker] o.s.s.web.DefaultSecurityFilterChain     : Will secure any request with [org.springframework.security.web.context.request.async.WebAsyncManagerIntegrationFilter@8cd2bb5, org.springframework.security.web.context.SecurityContextPersistenceFilter@6e70861, org.springframework.security.web.header.HeaderWriterFilter@35d62807, org.springframework.security.web.authentication.logout.LogoutFilter@2bf2523f, org.springframework.security.oauth2.client.web.OAuth2AuthorizationRequestRedirectFilter@2e8eafb2, org.springframework.security.oauth2.client.web.OAuth2LoginAuthenticationFilter@7a3f3bc4, org.springframework.security.web.authentication.ui.DefaultLoginPageGeneratingFilter@3514df8d, org.springframework.security.web.authentication.ui.DefaultLogoutPageGeneratingFilter@1a3611b1, org.springframework.security.web.savedrequest.RequestCacheAwareFilter@5fcff272, org.springframework.security.web.servletapi.SecurityContextHolderAwareRequestFilter@5b5d6f9c, org.springframework.security.web.authentication.AnonymousAuthenticationFilter@419ece7a, org.springframework.security.web.session.SessionManagementFilter@6fc03cf6, org.springframework.security.web.access.ExceptionTranslationFilter@ab3b54, org.springframework.security.web.access.intercept.FilterSecurityInterceptor@4b3b2a4f]
2022-05-02 16:34:29.933  INFO 2449 --- [    Test worker] o.s.s.concurrent.ThreadPoolTaskExecutor  : Initializing ExecutorService 'applicationTaskExecutor'
2022-05-02 16:34:29.983  INFO 2449 --- [    Test worker] o.s.b.a.h2.H2ConsoleAutoConfiguration    : H2 console available at '/h2-console'. Database available at 'jdbc:h2:mem:testdb'
2022-05-02 16:34:30.065  INFO 2449 --- [    Test worker] o.s.b.a.w.s.WelcomePageHandlerMapping    : Adding welcome page template: index
2022-05-02 16:34:30.896  INFO 2449 --- [    Test worker] s.a.ScheduledAnnotationBeanPostProcessor : No TaskScheduler/ScheduledExecutorService bean found for scheduled processing
2022-05-02 16:34:30.897  INFO 2449 --- [    Test worker] c.k.s.s.d.posts.PostsRepositoryTest      : Started PostsRepositoryTest in 3.593 seconds (JVM running for 17.047)
Hibernate: insert into posts (create_date, modified_date, author, content, rec, title, view) values (?, ?, ?, ?, ?, ?, ?)
Hibernate: select posts0_.id as id1_0_, posts0_.create_date as create_d2_0_, posts0_.modified_date as modified3_0_, posts0_.author as author4_0_, posts0_.content as content5_0_, posts0_.rec as rec6_0_, posts0_.title as title7_0_, posts0_.view as view8_0_ from posts posts0_
----------------------------- createDate : 2022-05-02 04:34
----------------------------- modifiedDate : 2022-05-02 04:34
Hibernate: select posts0_.id as id1_0_, posts0_.create_date as create_d2_0_, posts0_.modified_date as modified3_0_, posts0_.author as author4_0_, posts0_.content as content5_0_, posts0_.rec as rec6_0_, posts0_.title as title7_0_, posts0_.view as view8_0_ from posts posts0_
Hibernate: delete from posts where id=?
Hibernate: insert into posts (create_date, modified_date, author, content, rec, title, view) values (?, ?, ?, ?, ?, ?, ?)
Hibernate: select posts0_.id as id1_0_, posts0_.create_date as create_d2_0_, posts0_.modified_date as modified3_0_, posts0_.author as author4_0_, posts0_.content as content5_0_, posts0_.rec as rec6_0_, posts0_.title as title7_0_, posts0_.view as view8_0_ from posts posts0_
----------------------------- title = 테스트 제목
Hibernate: select posts0_.id as id1_0_, posts0_.create_date as create_d2_0_, posts0_.modified_date as modified3_0_, posts0_.author as author4_0_, posts0_.content as content5_0_, posts0_.rec as rec6_0_, posts0_.title as title7_0_, posts0_.view as view8_0_ from posts posts0_
Hibernate: delete from posts where id=?
]]></system-out>
  <system-err><![CDATA[]]></system-err>
</testsuite>
