<?xml version="1.0" encoding="UTF-8"?>
<testsuite name="com.kbstar.springboot.study.web.IndexControllerTest" tests="1" skipped="0" failures="0" errors="0" timestamp="2022-05-02T07:34:31" hostname="Yejis-MacBook-Pro.local" time="0.16">
  <properties/>
  <testcase name="loadingMainPage()" classname="com.kbstar.springboot.study.web.IndexControllerTest" time="0.16"/>
  <system-out><![CDATA[2022-05-02 16:34:31.029  INFO 2449 --- [    Test worker] .b.t.c.SpringBootTestContextBootstrapper : Neither @ContextConfiguration nor @ContextHierarchy found for test class [com.kbstar.springboot.study.web.IndexControllerTest], using SpringBootContextLoader
2022-05-02 16:34:31.031  INFO 2449 --- [    Test worker] o.s.t.c.support.AbstractContextLoader    : Could not detect default resource locations for test class [com.kbstar.springboot.study.web.IndexControllerTest]: no resource found for suffixes {-context.xml, Context.groovy}.
2022-05-02 16:34:31.031  INFO 2449 --- [    Test worker] t.c.s.AnnotationConfigContextLoaderUtils : Could not detect default configuration classes for test class [com.kbstar.springboot.study.web.IndexControllerTest]: IndexControllerTest does not declare any static, non-private, non-final, nested classes annotated with @Configuration.
2022-05-02 16:34:31.033  INFO 2449 --- [    Test worker] .b.t.c.SpringBootTestContextBootstrapper : Found @SpringBootConfiguration com.kbstar.springboot.study.Application for test class com.kbstar.springboot.study.web.IndexControllerTest
2022-05-02 16:34:31.035  INFO 2449 --- [    Test worker] .b.t.c.SpringBootTestContextBootstrapper : Loaded default TestExecutionListener class names from location [META-INF/spring.factories]: [org.springframework.security.test.context.support.WithSecurityContextTestExecutionListener, org.springframework.security.test.context.support.ReactorContextTestExecutionListener, org.springframework.boot.test.autoconfigure.restdocs.RestDocsTestExecutionListener, org.springframework.boot.test.autoconfigure.web.client.MockRestServiceServerResetTestExecutionListener, org.springframework.boot.test.autoconfigure.web.servlet.MockMvcPrintOnlyOnFailureTestExecutionListener, org.springframework.boot.test.autoconfigure.web.servlet.WebDriverTestExecutionListener, org.springframework.boot.test.autoconfigure.webservices.client.MockWebServiceServerTestExecutionListener, org.springframework.boot.test.mock.mockito.MockitoTestExecutionListener, org.springframework.boot.test.mock.mockito.ResetMocksTestExecutionListener, org.springframework.test.context.web.ServletTestExecutionListener, org.springframework.test.context.support.DirtiesContextBeforeModesTestExecutionListener, org.springframework.test.context.support.DependencyInjectionTestExecutionListener, org.springframework.test.context.support.DirtiesContextTestExecutionListener, org.springframework.test.context.transaction.TransactionalTestExecutionListener, org.springframework.test.context.jdbc.SqlScriptsTestExecutionListener, org.springframework.test.context.event.EventPublishingTestExecutionListener]
2022-05-02 16:34:31.037  INFO 2449 --- [    Test worker] .b.t.c.SpringBootTestContextBootstrapper : Using TestExecutionListeners: [org.springframework.test.context.web.ServletTestExecutionListener@43e9a8a2, org.springframework.test.context.support.DirtiesContextBeforeModesTestExecutionListener@178617da, org.springframework.boot.test.mock.mockito.MockitoTestExecutionListener@d408c5d, org.springframework.boot.test.autoconfigure.SpringBootDependencyInjectionTestExecutionListener@74ed1d35, org.springframework.test.context.support.DirtiesContextTestExecutionListener@7acf07b2, org.springframework.test.context.transaction.TransactionalTestExecutionListener@5d50e7f6, org.springframework.test.context.jdbc.SqlScriptsTestExecutionListener@54fbaa65, org.springframework.security.test.context.support.WithSecurityContextTestExecutionListener@48e3017a, org.springframework.test.context.event.EventPublishingTestExecutionListener@4a937d43, org.springframework.security.test.context.support.ReactorContextTestExecutionListener@10264cb0, org.springframework.boot.test.autoconfigure.restdocs.RestDocsTestExecutionListener@19877453, org.springframework.boot.test.autoconfigure.web.client.MockRestServiceServerResetTestExecutionListener@49bf5ec8, org.springframework.boot.test.autoconfigure.web.servlet.MockMvcPrintOnlyOnFailureTestExecutionListener@18174bd9, org.springframework.boot.test.autoconfigure.web.servlet.WebDriverTestExecutionListener@3af6d7a7, org.springframework.boot.test.autoconfigure.webservices.client.MockWebServiceServerTestExecutionListener@18711946, org.springframework.boot.test.mock.mockito.ResetMocksTestExecutionListener@2b8b5d9e]
Hibernate: select posts0_.id as id1_0_, posts0_.create_date as create_d2_0_, posts0_.modified_date as modified3_0_, posts0_.author as author4_0_, posts0_.content as content5_0_, posts0_.rec as rec6_0_, posts0_.title as title7_0_, posts0_.view as view8_0_ from posts posts0_ order by posts0_.id desc limit ?
]]></system-out>
  <system-err><![CDATA[]]></system-err>
</testsuite>
